Determining if the pthread_create exist failed with the following output:
Change Dir: /home/meraj/Desktop/OsLab/Section4/ExampleCodes/cmake-build-debug/CMakeFiles/CMakeTmp

Run Build Command:"/usr/bin/make" "cmTC_24998/fast"
/usr/bin/make -f CMakeFiles/cmTC_24998.dir/build.make CMakeFiles/cmTC_24998.dir/build
make[1]: Entering directory '/home/meraj/Desktop/OsLab/Section4/ExampleCodes/cmake-build-debug/CMakeFiles/CMakeTmp'
Building C object CMakeFiles/cmTC_24998.dir/CheckSymbolExists.c.o
/usr/bin/cc   -std=gnu99 -o CMakeFiles/cmTC_24998.dir/CheckSymbolExists.c.o   -c /home/meraj/Desktop/OsLab/Section4/ExampleCodes/cmake-build-debug/CMakeFiles/CMakeTmp/CheckSymbolExists.c
Linking C executable cmTC_24998
/opt/clion-2017.2.3/bin/cmake/bin/cmake -E cmake_link_script CMakeFiles/cmTC_24998.dir/link.txt --verbose=1
/usr/bin/cc      CMakeFiles/cmTC_24998.dir/CheckSymbolExists.c.o  -o cmTC_24998 
CMakeFiles/cmTC_24998.dir/CheckSymbolExists.c.o: In function `main':
CheckSymbolExists.c:(.text+0x16): undefined reference to `pthread_create'
collect2: error: ld returned 1 exit status
CMakeFiles/cmTC_24998.dir/build.make:97: recipe for target 'cmTC_24998' failed
make[1]: *** [cmTC_24998] Error 1
make[1]: Leaving directory '/home/meraj/Desktop/OsLab/Section4/ExampleCodes/cmake-build-debug/CMakeFiles/CMakeTmp'
Makefile:126: recipe for target 'cmTC_24998/fast' failed
make: *** [cmTC_24998/fast] Error 2

File /home/meraj/Desktop/OsLab/Section4/ExampleCodes/cmake-build-debug/CMakeFiles/CMakeTmp/CheckSymbolExists.c:
/* */
#include <pthread.h>

int main(int argc, char** argv)
{
  (void)argv;
#ifndef pthread_create
  return ((int*)(&pthread_create))[argc];
#else
  (void)argc;
  return 0;
#endif
}

Determining if the function pthread_create exists in the pthreads failed with the following output:
Change Dir: /home/meraj/Desktop/OsLab/Section4/ExampleCodes/cmake-build-debug/CMakeFiles/CMakeTmp

Run Build Command:"/usr/bin/make" "cmTC_aad58/fast"
/usr/bin/make -f CMakeFiles/cmTC_aad58.dir/build.make CMakeFiles/cmTC_aad58.dir/build
make[1]: Entering directory '/home/meraj/Desktop/OsLab/Section4/ExampleCodes/cmake-build-debug/CMakeFiles/CMakeTmp'
Building C object CMakeFiles/cmTC_aad58.dir/CheckFunctionExists.c.o
/usr/bin/cc   -DCHECK_FUNCTION_EXISTS=pthread_create   -std=gnu99 -o CMakeFiles/cmTC_aad58.dir/CheckFunctionExists.c.o   -c /opt/clion-2017.2.3/bin/cmake/share/cmake-3.8/Modules/CheckFunctionExists.c
Linking C executable cmTC_aad58
/opt/clion-2017.2.3/bin/cmake/bin/cmake -E cmake_link_script CMakeFiles/cmTC_aad58.dir/link.txt --verbose=1
/usr/bin/cc  -DCHECK_FUNCTION_EXISTS=pthread_create    CMakeFiles/cmTC_aad58.dir/CheckFunctionExists.c.o  -o cmTC_aad58 -lpthreads 
/usr/bin/ld: cannot find -lpthreads
collect2: error: ld returned 1 exit status
CMakeFiles/cmTC_aad58.dir/build.make:97: recipe for target 'cmTC_aad58' failed
make[1]: *** [cmTC_aad58] Error 1
make[1]: Leaving directory '/home/meraj/Desktop/OsLab/Section4/ExampleCodes/cmake-build-debug/CMakeFiles/CMakeTmp'
Makefile:126: recipe for target 'cmTC_aad58/fast' failed
make: *** [cmTC_aad58/fast] Error 2


