Determining if the pthread_create exist failed with the following output:
Change Dir: /home/yasaman/Yasaman/A/e, sources/OS/HW/Mini_Project(HW4)/Linux/MultiThread/cmake-build-debug/CMakeFiles/CMakeTmp

Run Build Command:"/usr/bin/make" "cmTC_43a0d/fast"
/usr/bin/make -f CMakeFiles/cmTC_43a0d.dir/build.make CMakeFiles/cmTC_43a0d.dir/build
make[1]: Entering directory `/home/yasaman/Yasaman/A/e, sources/OS/HW/Mini_Project(HW4)/Linux/MultiThread/cmake-build-debug/CMakeFiles/CMakeTmp'
Building C object CMakeFiles/cmTC_43a0d.dir/CheckSymbolExists.c.o
/usr/bin/cc   -std=gnu99 -o CMakeFiles/cmTC_43a0d.dir/CheckSymbolExists.c.o   -c "/home/yasaman/Yasaman/A/e, sources/OS/HW/Mini_Project(HW4)/Linux/MultiThread/cmake-build-debug/CMakeFiles/CMakeTmp/CheckSymbolExists.c"
Linking C executable cmTC_43a0d
/home/yasaman/Downloads/clion-2017.2.3/bin/cmake/bin/cmake -E cmake_link_script CMakeFiles/cmTC_43a0d.dir/link.txt --verbose=1
/usr/bin/cc      CMakeFiles/cmTC_43a0d.dir/CheckSymbolExists.c.o  -o cmTC_43a0d 
CMakeFiles/cmTC_43a0d.dir/CheckSymbolExists.c.o: In function `main':
CheckSymbolExists.c:(.text+0x16): undefined reference to `pthread_create'
collect2: error: ld returned 1 exit status
make[1]: *** [cmTC_43a0d] Error 1
make[1]: Leaving directory `/home/yasaman/Yasaman/A/e, sources/OS/HW/Mini_Project(HW4)/Linux/MultiThread/cmake-build-debug/CMakeFiles/CMakeTmp'
make: *** [cmTC_43a0d/fast] Error 2

File /home/yasaman/Yasaman/A/e, sources/OS/HW/Mini_Project(HW4)/Linux/MultiThread/cmake-build-debug/CMakeFiles/CMakeTmp/CheckSymbolExists.c:
/* */
#include <pthread.h>

int main(int argc, char** argv)
{
  (void)argv;
#ifndef pthread_create
  return ((int*)(&pthread_create))[argc];
#else
  (void)argc;
  return 0;
#endif
}

Determining if the function pthread_create exists in the pthreads failed with the following output:
Change Dir: /home/yasaman/Yasaman/A/e, sources/OS/HW/Mini_Project(HW4)/Linux/MultiThread/cmake-build-debug/CMakeFiles/CMakeTmp

Run Build Command:"/usr/bin/make" "cmTC_98250/fast"
/usr/bin/make -f CMakeFiles/cmTC_98250.dir/build.make CMakeFiles/cmTC_98250.dir/build
make[1]: Entering directory `/home/yasaman/Yasaman/A/e, sources/OS/HW/Mini_Project(HW4)/Linux/MultiThread/cmake-build-debug/CMakeFiles/CMakeTmp'
Building C object CMakeFiles/cmTC_98250.dir/CheckFunctionExists.c.o
/usr/bin/cc   -DCHECK_FUNCTION_EXISTS=pthread_create   -std=gnu99 -o CMakeFiles/cmTC_98250.dir/CheckFunctionExists.c.o   -c /home/yasaman/Downloads/clion-2017.2.3/bin/cmake/share/cmake-3.8/Modules/CheckFunctionExists.c
Linking C executable cmTC_98250
/home/yasaman/Downloads/clion-2017.2.3/bin/cmake/bin/cmake -E cmake_link_script CMakeFiles/cmTC_98250.dir/link.txt --verbose=1
/usr/bin/cc  -DCHECK_FUNCTION_EXISTS=pthread_create    CMakeFiles/cmTC_98250.dir/CheckFunctionExists.c.o  -o cmTC_98250 -lpthreads 
/usr/bin/ld: cannot find -lpthreads
collect2: error: ld returned 1 exit status
make[1]: *** [cmTC_98250] Error 1
make[1]: Leaving directory `/home/yasaman/Yasaman/A/e, sources/OS/HW/Mini_Project(HW4)/Linux/MultiThread/cmake-build-debug/CMakeFiles/CMakeTmp'
make: *** [cmTC_98250/fast] Error 2


